<?xml version="1.0" encoding="UTF-8"?>
<testsuite name="com.example.station.StationServiceIntegrationTest" tests="2" skipped="0" failures="0" errors="0" timestamp="2025-10-16T19:21:07.758Z" hostname="MASTER-SPRINGBC" time="1.424">
  <properties/>
  <testcase name="testBatchIngestAndGet()" classname="com.example.station.StationServiceIntegrationTest" time="1.322"/>
  <testcase name="testCsvUpload()" classname="com.example.station.StationServiceIntegrationTest" time="0.099"/>
  <system-out><![CDATA[15:21:01.355 [Test worker] INFO org.springframework.test.context.support.AnnotationConfigContextLoaderUtils -- Could not detect default configuration classes for test class [com.example.station.StationServiceIntegrationTest]: StationServiceIntegrationTest does not declare any static, non-private, non-final, nested classes annotated with @Configuration.
15:21:01.474 [Test worker] INFO org.springframework.boot.test.context.SpringBootTestContextBootstrapper -- Found @SpringBootConfiguration com.example.station.StationServiceApplication for test class com.example.station.StationServiceIntegrationTest

  .   ____          _            __ _ _
 /\\ / ___'_ __ _ _(_)_ __  __ _ \ \ \ \
( ( )\___ | '_ | '_| | '_ \/ _` | \ \ \ \
 \\/  ___)| |_)| | | | | || (_| |  ) ) ) )
  '  |____| .__|_| |_|_| |_\__, | / / / /
 =========|_|==============|___/=/_/_/_/
 :: Spring Boot ::                (v3.2.0)

2025-10-16T15:21:02.165-04:00  INFO 6212 --- [    Test worker] c.e.s.StationServiceIntegrationTest      : Starting StationServiceIntegrationTest using Java 25 with PID 6212 (started by Associate in C:\workspace\training2\station-service)
2025-10-16T15:21:02.167-04:00  INFO 6212 --- [    Test worker] c.e.s.StationServiceIntegrationTest      : No active profile set, falling back to 1 default profile: "default"
2025-10-16T15:21:03.277-04:00  INFO 6212 --- [    Test worker] .s.d.r.c.RepositoryConfigurationDelegate : Bootstrapping Spring Data JPA repositories in DEFAULT mode.
2025-10-16T15:21:03.359-04:00  INFO 6212 --- [    Test worker] .s.d.r.c.RepositoryConfigurationDelegate : Finished Spring Data repository scanning in 70 ms. Found 1 JPA repository interface.
2025-10-16T15:21:04.188-04:00  INFO 6212 --- [    Test worker] o.s.b.w.embedded.tomcat.TomcatWebServer  : Tomcat initialized with port 0 (http)
2025-10-16T15:21:04.230-04:00  INFO 6212 --- [    Test worker] o.apache.catalina.core.StandardService   : Starting service [Tomcat]
2025-10-16T15:21:04.231-04:00  INFO 6212 --- [    Test worker] o.apache.catalina.core.StandardEngine    : Starting Servlet engine: [Apache Tomcat/10.1.16]
2025-10-16T15:21:04.320-04:00  INFO 6212 --- [    Test worker] o.a.c.c.C.[Tomcat].[localhost].[/]       : Initializing Spring embedded WebApplicationContext
2025-10-16T15:21:04.321-04:00  INFO 6212 --- [    Test worker] w.s.c.ServletWebServerApplicationContext : Root WebApplicationContext: initialization completed in 2110 ms
2025-10-16T15:21:04.569-04:00  INFO 6212 --- [    Test worker] o.hibernate.jpa.internal.util.LogHelper  : HHH000204: Processing PersistenceUnitInfo [name: default]
2025-10-16T15:21:04.649-04:00  INFO 6212 --- [    Test worker] org.hibernate.Version                    : HHH000412: Hibernate ORM core version 6.3.1.Final
2025-10-16T15:21:04.708-04:00  INFO 6212 --- [    Test worker] o.h.c.internal.RegionFactoryInitiator    : HHH000026: Second-level cache disabled
2025-10-16T15:21:05.059-04:00  INFO 6212 --- [    Test worker] o.s.o.j.p.SpringPersistenceUnitInfo      : No LoadTimeWeaver setup: ignoring JPA class transformer
2025-10-16T15:21:05.086-04:00  INFO 6212 --- [    Test worker] com.zaxxer.hikari.HikariDataSource       : HikariPool-1 - Starting...
2025-10-16T15:21:05.356-04:00  INFO 6212 --- [    Test worker] com.zaxxer.hikari.pool.HikariPool        : HikariPool-1 - Added connection conn0: url=jdbc:h2:mem:stationdb user=SA
2025-10-16T15:21:05.364-04:00  INFO 6212 --- [    Test worker] com.zaxxer.hikari.HikariDataSource       : HikariPool-1 - Start completed.
2025-10-16T15:21:06.397-04:00  INFO 6212 --- [    Test worker] o.h.e.t.j.p.i.JtaPlatformInitiator       : HHH000489: No JTA platform available (set 'hibernate.transaction.jta.platform' to enable JTA platform integration)
2025-10-16T15:21:06.497-04:00  INFO 6212 --- [    Test worker] j.LocalContainerEntityManagerFactoryBean : Initialized JPA EntityManagerFactory for persistence unit 'default'
2025-10-16T15:21:07.109-04:00  WARN 6212 --- [    Test worker] JpaBaseConfiguration$JpaWebConfiguration : spring.jpa.open-in-view is enabled by default. Therefore, database queries may be performed during view rendering. Explicitly configure spring.jpa.open-in-view to disable this warning
2025-10-16T15:21:07.726-04:00  INFO 6212 --- [    Test worker] o.s.b.w.embedded.tomcat.TomcatWebServer  : Tomcat started on port 61385 (http) with context path ''
2025-10-16T15:21:07.743-04:00  INFO 6212 --- [    Test worker] c.e.s.StationServiceIntegrationTest      : Started StationServiceIntegrationTest in 6.047 seconds (process running for 8.05)
2025-10-16T15:21:08.709-04:00  INFO 6212 --- [o-auto-1-exec-1] o.a.c.c.C.[Tomcat].[localhost].[/]       : Initializing Spring DispatcherServlet 'dispatcherServlet'
2025-10-16T15:21:08.710-04:00  INFO 6212 --- [o-auto-1-exec-1] o.s.web.servlet.DispatcherServlet        : Initializing Servlet 'dispatcherServlet'
2025-10-16T15:21:08.713-04:00  INFO 6212 --- [o-auto-1-exec-1] o.s.web.servlet.DispatcherServlet        : Completed initialization in 3 ms
]]></system-out>
  <system-err><![CDATA[WARNING: A Java agent has been loaded dynamically (C:\Users\Associate\.gradle\caches\modules-2\files-2.1\net.bytebuddy\byte-buddy-agent\1.14.9\dfb8707031008535048bad2b69735f46d0b6c5e5\byte-buddy-agent-1.14.9.jar)
WARNING: If a serviceability tool is in use, please run with -XX:+EnableDynamicAgentLoading to hide this warning
WARNING: If a serviceability tool is not in use, please run with -Djdk.instrument.traceUsage for more information
WARNING: Dynamic loading of agents will be disallowed by default in a future release
]]></system-err>
</testsuite>
