<?xml version="1.0" encoding="UTF-8"?>
<testsuite name="com.example.station.StationServiceIntegrationTest" tests="2" skipped="0" failures="0" errors="0" timestamp="2025-10-16T18:11:07.109Z" hostname="MASTER-SPRINGBC" time="1.172">
  <properties/>
  <testcase name="testBatchIngestAndGet()" classname="com.example.station.StationServiceIntegrationTest" time="1.073"/>
  <testcase name="testCsvUpload()" classname="com.example.station.StationServiceIntegrationTest" time="0.096"/>
  <system-out><![CDATA[14:11:01.153 [Test worker] INFO org.springframework.test.context.support.AnnotationConfigContextLoaderUtils -- Could not detect default configuration classes for test class [com.example.station.StationServiceIntegrationTest]: StationServiceIntegrationTest does not declare any static, non-private, non-final, nested classes annotated with @Configuration.
14:11:01.281 [Test worker] INFO org.springframework.boot.test.context.SpringBootTestContextBootstrapper -- Found @SpringBootConfiguration com.example.station.StationServiceApplication for test class com.example.station.StationServiceIntegrationTest

  .   ____          _            __ _ _
 /\\ / ___'_ __ _ _(_)_ __  __ _ \ \ \ \
( ( )\___ | '_ | '_| | '_ \/ _` | \ \ \ \
 \\/  ___)| |_)| | | | | || (_| |  ) ) ) )
  '  |____| .__|_| |_|_| |_\__, | / / / /
 =========|_|==============|___/=/_/_/_/
 :: Spring Boot ::                (v3.2.0)

2025-10-16T14:11:01.909-04:00  INFO 5916 --- [    Test worker] c.e.s.StationServiceIntegrationTest      : Starting StationServiceIntegrationTest using Java 25 with PID 5916 (started by Associate in C:\workspace\training2\station-service)
2025-10-16T14:11:01.911-04:00  INFO 5916 --- [    Test worker] c.e.s.StationServiceIntegrationTest      : No active profile set, falling back to 1 default profile: "default"
2025-10-16T14:11:02.917-04:00  INFO 5916 --- [    Test worker] .s.d.r.c.RepositoryConfigurationDelegate : Bootstrapping Spring Data JPA repositories in DEFAULT mode.
2025-10-16T14:11:02.982-04:00  INFO 5916 --- [    Test worker] .s.d.r.c.RepositoryConfigurationDelegate : Finished Spring Data repository scanning in 56 ms. Found 1 JPA repository interface.
2025-10-16T14:11:03.798-04:00  INFO 5916 --- [    Test worker] o.s.b.w.embedded.tomcat.TomcatWebServer  : Tomcat initialized with port 0 (http)
2025-10-16T14:11:03.810-04:00  INFO 5916 --- [    Test worker] o.apache.catalina.core.StandardService   : Starting service [Tomcat]
2025-10-16T14:11:03.811-04:00  INFO 5916 --- [    Test worker] o.apache.catalina.core.StandardEngine    : Starting Servlet engine: [Apache Tomcat/10.1.16]
2025-10-16T14:11:03.889-04:00  INFO 5916 --- [    Test worker] o.a.c.c.C.[Tomcat].[localhost].[/]       : Initializing Spring embedded WebApplicationContext
2025-10-16T14:11:03.890-04:00  INFO 5916 --- [    Test worker] w.s.c.ServletWebServerApplicationContext : Root WebApplicationContext: initialization completed in 1934 ms
2025-10-16T14:11:04.146-04:00  INFO 5916 --- [    Test worker] o.hibernate.jpa.internal.util.LogHelper  : HHH000204: Processing PersistenceUnitInfo [name: default]
2025-10-16T14:11:04.228-04:00  INFO 5916 --- [    Test worker] org.hibernate.Version                    : HHH000412: Hibernate ORM core version 6.3.1.Final
2025-10-16T14:11:04.273-04:00  INFO 5916 --- [    Test worker] o.h.c.internal.RegionFactoryInitiator    : HHH000026: Second-level cache disabled
2025-10-16T14:11:04.599-04:00  INFO 5916 --- [    Test worker] o.s.o.j.p.SpringPersistenceUnitInfo      : No LoadTimeWeaver setup: ignoring JPA class transformer
2025-10-16T14:11:04.641-04:00  INFO 5916 --- [    Test worker] com.zaxxer.hikari.HikariDataSource       : HikariPool-1 - Starting...
2025-10-16T14:11:04.891-04:00  INFO 5916 --- [    Test worker] com.zaxxer.hikari.pool.HikariPool        : HikariPool-1 - Added connection conn0: url=jdbc:h2:mem:stationdb user=SA
2025-10-16T14:11:04.894-04:00  INFO 5916 --- [    Test worker] com.zaxxer.hikari.HikariDataSource       : HikariPool-1 - Start completed.
2025-10-16T14:11:05.978-04:00  INFO 5916 --- [    Test worker] o.h.e.t.j.p.i.JtaPlatformInitiator       : HHH000489: No JTA platform available (set 'hibernate.transaction.jta.platform' to enable JTA platform integration)
2025-10-16T14:11:06.048-04:00  INFO 5916 --- [    Test worker] j.LocalContainerEntityManagerFactoryBean : Initialized JPA EntityManagerFactory for persistence unit 'default'
2025-10-16T14:11:06.522-04:00  WARN 5916 --- [    Test worker] JpaBaseConfiguration$JpaWebConfiguration : spring.jpa.open-in-view is enabled by default. Therefore, database queries may be performed during view rendering. Explicitly configure spring.jpa.open-in-view to disable this warning
2025-10-16T14:11:07.087-04:00  INFO 5916 --- [    Test worker] o.s.b.w.embedded.tomcat.TomcatWebServer  : Tomcat started on port 60050 (http) with context path ''
2025-10-16T14:11:07.098-04:00  INFO 5916 --- [    Test worker] c.e.s.StationServiceIntegrationTest      : Started StationServiceIntegrationTest in 5.66 seconds (process running for 7.229)
2025-10-16T14:11:07.852-04:00  INFO 5916 --- [o-auto-1-exec-1] o.a.c.c.C.[Tomcat].[localhost].[/]       : Initializing Spring DispatcherServlet 'dispatcherServlet'
2025-10-16T14:11:07.853-04:00  INFO 5916 --- [o-auto-1-exec-1] o.s.web.servlet.DispatcherServlet        : Initializing Servlet 'dispatcherServlet'
2025-10-16T14:11:07.855-04:00  INFO 5916 --- [o-auto-1-exec-1] o.s.web.servlet.DispatcherServlet        : Completed initialization in 1 ms
]]></system-out>
  <system-err><![CDATA[WARNING: A Java agent has been loaded dynamically (C:\Users\Associate\.gradle\caches\modules-2\files-2.1\net.bytebuddy\byte-buddy-agent\1.14.9\dfb8707031008535048bad2b69735f46d0b6c5e5\byte-buddy-agent-1.14.9.jar)
WARNING: If a serviceability tool is in use, please run with -XX:+EnableDynamicAgentLoading to hide this warning
WARNING: If a serviceability tool is not in use, please run with -Djdk.instrument.traceUsage for more information
WARNING: Dynamic loading of agents will be disallowed by default in a future release
]]></system-err>
</testsuite>
